<?xml version="1.0" encoding="UTF-8"?><testsuite errors="1" failures="0" name="Use Shopping Cart" skipped="0" tests="1" time="8.21" timestamp="2022-08-17 12:19:44"><testcase name="Buying different products at SwagLabs"><error message="Could not instantiate new WebDriver instance of type class io.appium.java_client.AppiumDriver (Could not start a new session. Response code 500. Message: An unknown server-side error occurred while processing the command. Original error: Could not proxy command to the remote server. Original error: socket hang up&#10;Build info: version: '4.3.0', revision: 'a4995e2c09*'&#10;System info: host: 'DESKTOP-173RDAC', ip: '192.168.175.2', os.name: 'Windows 10', os.arch: 'amd64', os.version: '10.0', java.version: '1.8.0_251'&#10;Driver info: io.appium.java_client.android.AndroidDriver&#10;Command: [null, newSession {capabilities=[{appium:appActivity=com.swaglabsmobileapp.MainActivity, appium:appPackage=com.swaglabsmobileapp, appium:autoGrantPermissions=true, appium:automationName=UiAutomator2, appium:captureScreenshots=true, appium:deviceName=R58RA3KF5FF, appium:deviceOrientation=portrait, appium:fullReset=false, appium:hub=http://127.0.0.1:4723/wd/hub, appium:noReset=true, platformName=ANDROID, appium:platformVersion=12, appium:sessionName=Automation test session}], desiredCapabilities=Capabilities {appActivity: com.swaglabsmobileapp.MainA..., appPackage: com.swaglabsmobileapp, autoGrantPermissions: true, automationName: UiAutomator2, captureScreenshots: true, deviceName: R58RA3KF5FF, deviceOrientation: portrait, fullReset: false, hub: http://127.0.0.1:4723/wd/hub, noReset: true, platformName: ANDROID, platformVersion: 12, sessionName: Automation test session}}]&#10;Capabilities {}). See below for more details." type="net.thucydides.core.webdriver.DriverConfigurationError">Could not instantiate new WebDriver instance of type class io.appium.java_client.AppiumDriver (Could not start a new session. Response code 500. Message: An unknown server-side error occurred while processing the command. Original error: Could not proxy command to the remote server. Original error: socket hang up
Build info: version: '4.3.0', revision: 'a4995e2c09*'
System info: host: 'DESKTOP-173RDAC', ip: '192.168.175.2', os.name: 'Windows 10', os.arch: 'amd64', os.version: '10.0', java.version: '1.8.0_251'
Driver info: io.appium.java_client.android.AndroidDriver
Command: [null, newSession {capabilities=[{appium:appActivity=com.swaglabsmobileapp.MainActivity, appium:appPackage=com.swaglabsmobileapp, appium:autoGrantPermissions=true, appium:automationName=UiAutomator2, appium:captureScreenshots=true, appium:deviceName=R58RA3KF5FF, appium:deviceOrientation=portrait, appium:fullReset=false, appium:hub=http://127.0.0.1:4723/wd/hub, appium:noReset=true, platformName=ANDROID, appium:platformVersion=12, appium:sessionName=Automation test session}], desiredCapabilities=Capabilities {appActivity: com.swaglabsmobileapp.MainA..., appPackage: com.swaglabsmobileapp, autoGrantPermissions: true, automationName: UiAutomator2, captureScreenshots: true, deviceName: R58RA3KF5FF, deviceOrientation: portrait, fullReset: false, hub: http://127.0.0.1:4723/wd/hub, noReset: true, platformName: ANDROID, platformVersion: 12, sessionName: Automation test session}}]
Capabilities {}). See below for more details.</error><system-err>Could not instantiate new WebDriver instance of type class io.appium.java_client.AppiumDriver (Could not start a new session. Response code 500. Message: An unknown server-side error occurred while processing the command. Original error: Could not proxy command to the remote server. Original error: socket hang up
Build info: version: '4.3.0', revision: 'a4995e2c09*'
System info: host: 'DESKTOP-173RDAC', ip: '192.168.175.2', os.name: 'Windows 10', os.arch: 'amd64', os.version: '10.0', java.version: '1.8.0_251'
Driver info: io.appium.java_client.android.AndroidDriver
Command: [null, newSession {capabilities=[{appium:appActivity=com.swaglabsmobileapp.MainActivity, appium:appPackage=com.swaglabsmobileapp, appium:autoGrantPermissions=true, appium:automationName=UiAutomator2, appium:captureScreenshots=true, appium:deviceName=R58RA3KF5FF, appium:deviceOrientation=portrait, appium:fullReset=false, appium:hub=http://127.0.0.1:4723/wd/hub, appium:noReset=true, platformName=ANDROID, appium:platformVersion=12, appium:sessionName=Automation test session}], desiredCapabilities=Capabilities {appActivity: com.swaglabsmobileapp.MainA..., appPackage: com.swaglabsmobileapp, autoGrantPermissions: true, automationName: UiAutomator2, captureScreenshots: true, deviceName: R58RA3KF5FF, deviceOrientation: portrait, fullReset: false, hub: http://127.0.0.1:4723/wd/hub, noReset: true, platformName: ANDROID, platformVersion: 12, sessionName: Automation test session}}]
Capabilities {}). See below for more details.&#13;
co.com.saucelabs.stepdefinitions.BuyingProductsStepDefinition.thatSandraSignedInSwagLabsApp(BuyingProductsStepDefinition.java:31)&#13;
io.cucumber.java.Invoker.doInvoke(Invoker.java:66)&#13;
io.cucumber.java.Invoker.invoke(Invoker.java:24)&#13;
io.cucumber.java.AbstractGlueDefinition.invokeMethod(AbstractGlueDefinition.java:47)&#13;
io.cucumber.java.JavaStepDefinition.execute(JavaStepDefinition.java:29)&#13;
io.cucumber.core.runner.CoreStepDefinition.execute(CoreStepDefinition.java:66)&#13;
io.cucumber.core.runner.PickleStepDefinitionMatch.runStep(PickleStepDefinitionMatch.java:63)&#13;
io.cucumber.core.runner.TestStep.executeStep(TestStep.java:85)&#13;
io.cucumber.core.runner.TestStep.run(TestStep.java:57)&#13;
io.cucumber.core.runner.PickleStepTestStep.run(PickleStepTestStep.java:51)&#13;
io.cucumber.core.runner.TestCase.run(TestCase.java:84)&#13;
io.cucumber.core.runner.Runner.runPickle(Runner.java:75)&#13;
io.cucumber.core.runtime.CucumberExecutionContext.lambda$runTestCase$5(CucumberExecutionContext.java:129)&#13;
io.cucumber.core.runtime.RethrowingThrowableCollector.executeAndThrow(RethrowingThrowableCollector.java:23)&#13;
io.cucumber.core.runtime.CucumberExecutionContext.runTestCase(CucumberExecutionContext.java:129)&#13;
io.cucumber.junit.FeatureRunner.runChild(FeatureRunner.java:144)&#13;
io.cucumber.junit.FeatureRunner.runChild(FeatureRunner.java:28)&#13;
io.cucumber.junit.FeatureRunner.run(FeatureRunner.java:137)&#13;
io.cucumber.junit.CucumberSerenityRunner.runChild(CucumberSerenityRunner.java:259)&#13;
io.cucumber.junit.CucumberSerenityRunner.runChild(CucumberSerenityRunner.java:59)&#13;
</system-err></testcase></testsuite>